<?xml version="1.0" encoding="UTF-8"?>
<!-- Generated by org.testng.reporters.JUnitXMLReporter -->
<testsuite hostname="HIGURL60281" ignored="0" name="Test" tests="4" failures="0" timestamp="12 Feb 2020 11:18:09 GMT" time="64.97" errors="0">
  <testcase name="verifyTitle" time="0.114" classname="com.qa.tests.HomePageTest"/>
  <testcase name="verifyUser" time="1.955" classname="com.qa.tests.HomePageTest"/>
  <testcase name="validateTitle" time="0.014" classname="com.qa.tests.LoginTest"/>
  <testcase name="loginTest" time="0.685" classname="com.qa.tests.LoginTest"/>
</testsuite> <!-- Test -->
